2025-12-19 13:17:33,077 - ERROR -    错误: 包未安装: google-generativeai
2025-12-19 13:17:33,117 - ERROR -    错误: 包未安装: opencv-python
2025-12-19 13:17:34,198 - INFO - 强制使用Mock模式（Whisper已禁用）
2025-12-19 13:17:34,198 - INFO - 强制使用Mock模式（CLIP已禁用）
2025-12-19 13:17:34,213 - INFO - 使用Mock转录模式
2025-12-19 13:17:34,214 - INFO - 使用Mock视觉处理模式
2025-12-19 13:17:34,226 - INFO - 强制使用Mock模式（sentence-transformers已禁用）
2025-12-19 13:17:34,227 - INFO - 使用降级搜索模式
2025-12-19 13:17:34,231 - INFO - 开始多模态搜索: 测试查询, 模式: ['semantic']
2025-12-19 13:17:34,233 - WARNING - 语义搜索失败: 'coroutine' object has no attribute 'id'
2025-12-19 13:17:34,236 - INFO - 使用降级搜索模式
2025-12-19 13:17:34,285 - INFO - Timeline created: 1815c032-e113-4f04-8693-ebe5db364882
2025-12-19 13:17:34,340 - INFO - ============================================================
2025-12-19 13:17:34,341 - INFO - ============================================================
2025-12-19 13:17:34,350 - INFO - ============================================================
2025-12-19 15:17:45,493 - ERROR -    错误: 包未安装: google-generativeai
2025-12-19 15:17:45,529 - ERROR -    错误: 包未安装: opencv-python
2025-12-19 15:17:46,588 - INFO - 强制使用Mock模式（Whisper已禁用）
2025-12-19 15:17:46,589 - INFO - 强制使用Mock模式（CLIP已禁用）
2025-12-19 15:17:46,603 - INFO - 使用Mock转录模式
2025-12-19 15:17:46,603 - INFO - 使用Mock视觉处理模式
2025-12-19 15:17:46,618 - INFO - 强制使用Mock模式（sentence-transformers已禁用）
2025-12-19 15:17:46,618 - INFO - 使用降级搜索模式
2025-12-19 15:17:46,624 - INFO - 开始多模态搜索: 测试查询, 模式: ['semantic']
2025-12-19 15:17:46,625 - WARNING - 语义搜索失败: 'coroutine' object has no attribute 'id'
2025-12-19 15:17:46,630 - INFO - 使用降级搜索模式
2025-12-19 15:17:46,685 - INFO - Timeline created: b4e5501a-1cde-4153-b2f3-4bd69424762a
2025-12-19 15:17:46,746 - INFO - ============================================================
2025-12-19 15:17:46,747 - INFO - ============================================================
2025-12-19 15:17:46,756 - INFO - ============================================================
2025-12-19 15:18:12,192 - ERROR -    错误: 包未安装: google-generativeai
2025-12-19 15:18:12,228 - ERROR -    错误: 包未安装: opencv-python
2025-12-19 15:18:13,173 - INFO - 强制使用Mock模式（Whisper已禁用）
2025-12-19 15:18:13,174 - INFO - 强制使用Mock模式（CLIP已禁用）
2025-12-19 15:18:13,187 - INFO - 使用Mock转录模式
2025-12-19 15:18:13,187 - INFO - 使用Mock视觉处理模式
2025-12-19 15:18:13,200 - INFO - 强制使用Mock模式（sentence-transformers已禁用）
2025-12-19 15:18:13,200 - INFO - 使用降级搜索模式
2025-12-19 15:18:13,204 - INFO - 开始多模态搜索: 测试查询, 模式: ['semantic']
2025-12-19 15:18:13,205 - WARNING - 语义搜索失败: 'coroutine' object has no attribute 'id'
2025-12-19 15:18:13,209 - INFO - 使用降级搜索模式
2025-12-19 15:18:13,259 - INFO - Timeline created: 6396ce69-d2e5-4f0b-88f4-3eb4487d7747
2025-12-19 15:18:13,318 - INFO - ============================================================
2025-12-19 15:18:13,319 - INFO - ============================================================
2025-12-19 15:18:13,328 - INFO - ============================================================
2025-12-19 15:21:28,552 - ERROR -    错误: 包未安装: google-generativeai
2025-12-19 15:21:28,587 - ERROR -    错误: 包未安装: opencv-python
2025-12-19 15:21:29,723 - INFO - 强制使用Mock模式（Whisper已禁用）
2025-12-19 15:21:29,724 - INFO - 强制使用Mock模式（CLIP已禁用）
2025-12-19 15:21:29,737 - INFO - 使用Mock转录模式
2025-12-19 15:21:29,737 - INFO - 使用Mock视觉处理模式
2025-12-19 15:21:29,752 - INFO - 强制使用Mock模式（sentence-transformers已禁用）
2025-12-19 15:21:29,752 - INFO - 使用降级搜索模式
2025-12-19 15:21:29,757 - INFO - 开始多模态搜索: 测试查询, 模式: ['semantic']
2025-12-19 15:21:29,758 - WARNING - 语义搜索失败: 'coroutine' object has no attribute 'id'
2025-12-19 15:21:29,762 - INFO - 使用降级搜索模式
2025-12-19 15:21:29,877 - INFO - Timeline created: f65d49d3-b7cd-4f1c-9f9d-52245a78a5ff
2025-12-19 15:21:29,936 - INFO - ============================================================
2025-12-19 15:21:29,937 - INFO - ============================================================
2025-12-19 15:21:29,945 - INFO - ============================================================
